--- New Log Started: 02/07/2026 12:39:37 ---
[12:39:37] MONITORING STARTED: Targeting [Hibernate].

--- Current Status Check ---
[12:39:37] YouTube Active:  True
[12:39:37] Battery (< 80%): True (77%)
[12:39:37] CPU Temp:        N/A
----------------------------

--- Current Status Check ---
[12:40:38] YouTube Active:  True
[12:40:38] Battery (< 80%): True (76%)
[12:40:38] CPU Temp:        N/A
----------------------------

--- Current Status Check ---
[12:41:38] YouTube Active:  True
[12:41:38] Battery (< 80%): True (76%)
[12:41:38] CPU Temp:        N/A
----------------------------

--- Current Status Check ---
[12:42:38] YouTube Active:  True
[12:42:38] Battery (< 80%): True (76%)
[12:42:38] CPU Temp:        N/A
----------------------------

--- Current Status Check ---
[12:43:39] YouTube Active:  True
[12:43:39] Battery (< 80%): True (76%)
[12:43:39] CPU Temp:        N/A
----------------------------

--- Current Status Check ---
[12:44:39] YouTube Active:  True
[12:44:39] Battery (< 80%): True (75%)
[12:44:39] CPU Temp:        N/A
----------------------------

--- Current Status Check ---
[12:45:40] YouTube Active:  True
[12:45:40] Battery (< 80%): True (75%)
[12:45:40] CPU Temp:        N/A
----------------------------

--- Current Status Check ---
[12:46:41] YouTube Active:  True
[12:46:41] Battery (< 80%): True (73%)
[12:46:41] CPU Temp:        N/A
----------------------------

--- Current Status Check ---
[12:47:41] YouTube Active:  True
[12:47:41] Battery (< 80%): True (73%)
[12:47:41] CPU Temp:        N/A
----------------------------

--- Current Status Check ---
[12:48:42] YouTube Active:  True
[12:48:42] Battery (< 80%): True (73%)
[12:48:42] CPU Temp:        N/A
----------------------------

--- Current Status Check ---
[12:49:43] YouTube Active:  True
[12:49:43] Battery (< 80%): True (72%)
[12:49:43] CPU Temp:        N/A
----------------------------

--- Current Status Check ---
[12:50:43] YouTube Active:  True
[12:50:43] Battery (< 80%): True (72%)
[12:50:43] CPU Temp:        N/A
----------------------------

--- Current Status Check ---
[12:51:44] YouTube Active:  True
[12:51:44] Battery (< 80%): True (71%)
[12:51:44] CPU Temp:        N/A
----------------------------

--- Current Status Check ---
[12:52:44] YouTube Active:  True
[12:52:44] Battery (< 80%): True (71%)
[12:52:44] CPU Temp:        N/A
----------------------------

--- Current Status Check ---
[12:53:45] YouTube Active:  True
[12:53:45] Battery (< 80%): True (70%)
[12:53:45] CPU Temp:        N/A
----------------------------

--- Current Status Check ---
[12:54:46] YouTube Active:  True
[12:54:46] Battery (< 80%): True (70%)
[12:54:46] CPU Temp:        N/A
----------------------------

--- Current Status Check ---
[12:55:46] YouTube Active:  True
[12:55:46] Battery (< 80%): True (70%)
[12:55:46] CPU Temp:        N/A
----------------------------

--- Current Status Check ---
[12:56:47] YouTube Active:  True
[12:56:47] Battery (< 80%): True (69%)
[12:56:47] CPU Temp:        N/A
----------------------------

--- Current Status Check ---
[12:57:47] YouTube Active:  True
[12:57:47] Battery (< 80%): True (69%)
[12:57:47] CPU Temp:        N/A
----------------------------

--- Current Status Check ---
[12:58:48] YouTube Active:  True
[12:58:48] Battery (< 80%): True (69%)
[12:58:48] CPU Temp:        N/A
----------------------------

--- Current Status Check ---
[12:59:48] YouTube Active:  True
[12:59:48] Battery (< 80%): True (69%)
[12:59:48] CPU Temp:        N/A
----------------------------

--- Current Status Check ---
[13:00:49] YouTube Active:  True
[13:00:49] Battery (< 80%): True (69%)
[13:00:49] CPU Temp:        N/A
----------------------------

--- Current Status Check ---
[13:01:49] YouTube Active:  True
[13:01:49] Battery (< 80%): True (67%)
[13:01:49] CPU Temp:        N/A
----------------------------

--- Current Status Check ---
[13:02:50] YouTube Active:  True
[13:02:50] Battery (< 80%): True (67%)
[13:02:50] CPU Temp:        N/A
----------------------------

--- Current Status Check ---
[13:03:50] YouTube Active:  True
[13:03:50] Battery (< 80%): True (67%)
[13:03:50] CPU Temp:        N/A
----------------------------

--- Current Status Check ---
[14:21:07] YouTube Active:  True
[14:21:07] Battery (< 80%): True (66%)
[14:21:07] CPU Temp:        N/A
----------------------------

--- Current Status Check ---
[14:22:07] YouTube Active:  True
[14:22:07] Battery (< 80%): True (65%)
[14:22:07] CPU Temp:        N/A
----------------------------

--- Current Status Check ---
[14:23:08] YouTube Active:  True
[14:23:08] Battery (< 80%): True (65%)
[14:23:08] CPU Temp:        N/A
----------------------------

--- Current Status Check ---
[14:24:08] YouTube Active:  True
[14:24:08] Battery (< 80%): True (65%)
[14:24:08] CPU Temp:        N/A
----------------------------

--- Current Status Check ---
[14:25:09] YouTube Active:  True
[14:25:09] Battery (< 80%): True (65%)
[14:25:09] CPU Temp:        N/A
----------------------------

--- Current Status Check ---
[14:26:10] YouTube Active:  True
[14:26:10] Battery (< 80%): True (65%)
[14:26:10] CPU Temp:        N/A
----------------------------

--- Current Status Check ---
[14:27:10] YouTube Active:  True
[14:27:10] Battery (< 80%): True (65%)
[14:27:10] CPU Temp:        N/A
----------------------------

--- Current Status Check ---
[14:30:07] YouTube Active:  True
[14:30:07] Battery (< 80%): True (65%)
[14:30:07] CPU Temp:        N/A
----------------------------

--- Current Status Check ---
[14:31:08] YouTube Active:  True
[14:31:08] Battery (< 80%): True (64%)
[14:31:08] CPU Temp:        N/A
----------------------------

--- Current Status Check ---
[14:32:08] YouTube Active:  True
[14:32:08] Battery (< 80%): True (64%)
[14:32:08] CPU Temp:        N/A
----------------------------

--- Current Status Check ---
[14:33:09] YouTube Active:  True
[14:33:09] Battery (< 80%): True (64%)
[14:33:09] CPU Temp:        N/A
----------------------------

--- Current Status Check ---
[14:34:09] YouTube Active:  True
[14:34:09] Battery (< 80%): True (64%)
[14:34:09] CPU Temp:        N/A
----------------------------

--- Current Status Check ---
[14:35:10] YouTube Active:  True
[14:35:10] Battery (< 80%): True (63%)
[14:35:10] CPU Temp:        N/A
----------------------------

--- Current Status Check ---
[14:36:11] YouTube Active:  True
[14:36:11] Battery (< 80%): True (63%)
[14:36:11] CPU Temp:        N/A
----------------------------

--- Current Status Check ---
[14:37:11] YouTube Active:  True
[14:37:11] Battery (< 80%): True (63%)
[14:37:11] CPU Temp:        N/A
----------------------------

--- Current Status Check ---
[14:38:12] YouTube Active:  True
[14:38:12] Battery (< 80%): True (62%)
[14:38:12] CPU Temp:        N/A
----------------------------

--- Current Status Check ---
[14:39:12] YouTube Active:  True
[14:39:12] Battery (< 80%): True (62%)
[14:39:12] CPU Temp:        N/A
----------------------------

--- Current Status Check ---
[14:40:13] YouTube Active:  True
[14:40:13] Battery (< 80%): True (62%)
[14:40:13] CPU Temp:        N/A
----------------------------

--- Current Status Check ---
[14:41:13] YouTube Active:  True
[14:41:13] Battery (< 80%): True (62%)
[14:41:13] CPU Temp:        N/A
----------------------------

--- Current Status Check ---
[14:42:14] YouTube Active:  True
[14:42:14] Battery (< 80%): True (62%)
[14:42:14] CPU Temp:        N/A
----------------------------

--- Current Status Check ---
[14:43:14] YouTube Active:  True
[14:43:14] Battery (< 80%): True (61%)
[14:43:14] CPU Temp:        N/A
----------------------------

--- Current Status Check ---
[14:44:15] YouTube Active:  True
[14:44:15] Battery (< 80%): True (61%)
[14:44:15] CPU Temp:        N/A
----------------------------

--- Current Status Check ---
[14:45:15] YouTube Active:  True
[14:45:15] Battery (< 80%): True (61%)
[14:45:15] CPU Temp:        N/A
----------------------------

--- Current Status Check ---
[14:46:16] YouTube Active:  True
[14:46:16] Battery (< 80%): True (60%)
[14:46:16] CPU Temp:        N/A
----------------------------

--- Current Status Check ---
[14:47:16] YouTube Active:  True
[14:47:16] Battery (< 80%): True (60%)
[14:47:16] CPU Temp:        N/A
----------------------------

--- Current Status Check ---
[14:48:17] YouTube Active:  True
[14:48:17] Battery (< 80%): True (60%)
[14:48:17] CPU Temp:        N/A
----------------------------

--- Current Status Check ---
[14:49:17] YouTube Active:  True
[14:49:17] Battery (< 80%): True (60%)
[14:49:17] CPU Temp:        N/A
----------------------------

--- Current Status Check ---
[14:50:18] YouTube Active:  True
[14:50:18] Battery (< 80%): True (60%)
[14:50:18] CPU Temp:        N/A
----------------------------

--- Current Status Check ---
[14:51:19] YouTube Active:  True
[14:51:19] Battery (< 80%): True (59%)
[14:51:19] CPU Temp:        N/A
----------------------------

--- Current Status Check ---
[14:52:19] YouTube Active:  True
[14:52:19] Battery (< 80%): True (59%)
[14:52:19] CPU Temp:        N/A
----------------------------

--- Current Status Check ---
[14:53:20] YouTube Active:  True
[14:53:20] Battery (< 80%): True (58%)
[14:53:20] CPU Temp:        N/A
----------------------------

--- Current Status Check ---
[14:54:20] YouTube Active:  True
[14:54:20] Battery (< 80%): True (58%)
[14:54:20] CPU Temp:        N/A
----------------------------

--- Current Status Check ---
[14:55:21] YouTube Active:  True
[14:55:21] Battery (< 80%): True (58%)
[14:55:21] CPU Temp:        N/A
----------------------------

--- Current Status Check ---
[14:56:21] YouTube Active:  True
[14:56:21] Battery (< 80%): True (57%)
[14:56:21] CPU Temp:        N/A
----------------------------

--- Current Status Check ---
[14:57:22] YouTube Active:  True
[14:57:22] Battery (< 80%): True (57%)
[14:57:22] CPU Temp:        N/A
----------------------------

--- Current Status Check ---
[14:58:23] YouTube Active:  True
[14:58:23] Battery (< 80%): True (57%)
[14:58:23] CPU Temp:        N/A
----------------------------

--- Current Status Check ---
[14:59:23] YouTube Active:  True
[14:59:23] Battery (< 80%): True (56%)
[14:59:23] CPU Temp:        N/A
----------------------------

--- Current Status Check ---
[15:00:24] YouTube Active:  True
[15:00:24] Battery (< 80%): True (56%)
[15:00:24] CPU Temp:        N/A
----------------------------

--- Current Status Check ---
[15:01:24] YouTube Active:  True
[15:01:24] Battery (< 80%): True (56%)
[15:01:24] CPU Temp:        N/A
----------------------------

--- Current Status Check ---
[15:02:25] YouTube Active:  True
[15:02:25] Battery (< 80%): True (55%)
[15:02:25] CPU Temp:        N/A
----------------------------

--- Current Status Check ---
[15:03:26] YouTube Active:  True
[15:03:26] Battery (< 80%): True (55%)
[15:03:26] CPU Temp:        N/A
----------------------------

--- Current Status Check ---
[15:04:26] YouTube Active:  True
[15:04:26] Battery (< 80%): True (55%)
[15:04:26] CPU Temp:        N/A
----------------------------

--- Current Status Check ---
[15:05:27] YouTube Active:  True
[15:05:27] Battery (< 80%): True (55%)
[15:05:27] CPU Temp:        N/A
----------------------------

--- Current Status Check ---
[15:06:27] YouTube Active:  True
[15:06:27] Battery (< 80%): True (54%)
[15:06:27] CPU Temp:        N/A
----------------------------

--- Current Status Check ---
[15:07:28] YouTube Active:  True
[15:07:28] Battery (< 80%): True (54%)
[15:07:28] CPU Temp:        N/A
----------------------------

--- Current Status Check ---
[15:08:29] YouTube Active:  True
[15:08:29] Battery (< 80%): True (53%)
[15:08:29] CPU Temp:        N/A
----------------------------

--- Current Status Check ---
[15:09:29] YouTube Active:  True
[15:09:29] Battery (< 80%): True (53%)
[15:09:29] CPU Temp:        N/A
----------------------------

--- Current Status Check ---
[15:10:30] YouTube Active:  True
[15:10:30] Battery (< 80%): True (53%)
[15:10:30] CPU Temp:        N/A
----------------------------

--- Current Status Check ---
[15:11:30] YouTube Active:  True
[15:11:30] Battery (< 80%): True (53%)
[15:11:30] CPU Temp:        N/A
----------------------------

--- Current Status Check ---
[15:12:31] YouTube Active:  True
[15:12:31] Battery (< 80%): True (53%)
[15:12:31] CPU Temp:        N/A
----------------------------

--- Current Status Check ---
[15:13:32] YouTube Active:  True
[15:13:32] Battery (< 80%): True (52%)
[15:13:32] CPU Temp:        N/A
----------------------------

--- Current Status Check ---
[15:14:32] YouTube Active:  True
[15:14:32] Battery (< 80%): True (52%)
[15:14:32] CPU Temp:        N/A
----------------------------

--- Current Status Check ---
[15:15:33] YouTube Active:  True
[15:15:33] Battery (< 80%): True (52%)
[15:15:33] CPU Temp:        N/A
----------------------------

--- Current Status Check ---
[15:16:33] YouTube Active:  True
[15:16:33] Battery (< 80%): True (51%)
[15:16:33] CPU Temp:        N/A
----------------------------

--- Current Status Check ---
[15:17:34] YouTube Active:  True
[15:17:34] Battery (< 80%): True (50%)
[15:17:34] CPU Temp:        N/A
----------------------------

--- Current Status Check ---
[15:18:34] YouTube Active:  True
[15:18:34] Battery (< 80%): True (50%)
[15:18:34] CPU Temp:        N/A
----------------------------

--- Current Status Check ---
[15:19:35] YouTube Active:  True
[15:19:35] Battery (< 80%): True (50%)
[15:19:35] CPU Temp:        N/A
----------------------------

--- Current Status Check ---
[15:20:36] YouTube Active:  True
[15:20:36] Battery (< 80%): True (50%)
[15:20:36] CPU Temp:        N/A
----------------------------

--- Current Status Check ---
[15:21:36] YouTube Active:  True
[15:21:36] Battery (< 80%): True (49%)
[15:21:36] CPU Temp:        N/A
----------------------------

--- Current Status Check ---
[15:22:37] YouTube Active:  True
[15:22:37] Battery (< 80%): True (49%)
[15:22:37] CPU Temp:        N/A
----------------------------

--- Current Status Check ---
[15:23:37] YouTube Active:  False
[15:23:37] Battery (< 80%): True (49%)
[15:23:37] CPU Temp:        N/A
----------------------------

--- Current Status Check ---
[15:24:38] YouTube Active:  False
[15:24:38] Battery (< 80%): True (49%)
[15:24:38] CPU Temp:        N/A
----------------------------

--- Current Status Check ---
[15:25:39] YouTube Active:  False
[15:25:39] Battery (< 80%): True (48%)
[15:25:39] CPU Temp:        N/A
----------------------------

--- Current Status Check ---
[15:26:39] YouTube Active:  False
[15:26:39] Battery (< 80%): True (48%)
[15:26:39] CPU Temp:        N/A
----------------------------

--- Current Status Check ---
[15:27:40] YouTube Active:  False
[15:27:40] Battery (< 80%): True (48%)
[15:27:40] CPU Temp:        N/A
----------------------------

--- Current Status Check ---
[15:28:40] YouTube Active:  False
[15:28:40] Battery (< 80%): True (47%)
[15:28:40] CPU Temp:        N/A
----------------------------

--- Current Status Check ---
[15:29:41] YouTube Active:  False
[15:29:41] Battery (< 80%): True (47%)
[15:29:41] CPU Temp:        N/A
----------------------------

--- Current Status Check ---
[15:30:41] YouTube Active:  False
[15:30:41] Battery (< 80%): True (47%)
[15:30:41] CPU Temp:        N/A
----------------------------

--- Current Status Check ---
[15:31:42] YouTube Active:  False
[15:31:42] Battery (< 80%): True (47%)
[15:31:42] CPU Temp:        N/A
----------------------------

--- Current Status Check ---
[15:32:43] YouTube Active:  False
[15:32:43] Battery (< 80%): True (46%)
[15:32:43] CPU Temp:        N/A
----------------------------

--- Current Status Check ---
[15:33:43] YouTube Active:  False
[15:33:43] Battery (< 80%): True (46%)
[15:33:43] CPU Temp:        N/A
----------------------------

--- Current Status Check ---
[15:34:44] YouTube Active:  False
[15:34:44] Battery (< 80%): True (46%)
[15:34:44] CPU Temp:        N/A
----------------------------

--- Current Status Check ---
[15:35:45] YouTube Active:  False
[15:35:45] Battery (< 80%): True (46%)
[15:35:45] CPU Temp:        N/A
----------------------------

--- Current Status Check ---
[15:36:45] YouTube Active:  False
[15:36:45] Battery (< 80%): True (45%)
[15:36:45] CPU Temp:        N/A
----------------------------

--- Current Status Check ---
[15:37:46] YouTube Active:  False
[15:37:46] Battery (< 80%): True (45%)
[15:37:46] CPU Temp:        N/A
----------------------------

--- Current Status Check ---
[15:38:46] YouTube Active:  False
[15:38:46] Battery (< 80%): True (45%)
[15:38:46] CPU Temp:        N/A
----------------------------

--- Current Status Check ---
[15:39:47] YouTube Active:  False
[15:39:47] Battery (< 80%): True (44%)
[15:39:47] CPU Temp:        N/A
----------------------------

--- Current Status Check ---
[15:40:48] YouTube Active:  False
[15:40:48] Battery (< 80%): True (44%)
[15:40:48] CPU Temp:        N/A
----------------------------

--- Current Status Check ---
[15:41:48] YouTube Active:  False
[15:41:48] Battery (< 80%): True (44%)
[15:41:48] CPU Temp:        N/A
----------------------------

--- Current Status Check ---
[15:42:49] YouTube Active:  False
[15:42:49] Battery (< 80%): True (44%)
[15:42:49] CPU Temp:        N/A
----------------------------

--- Current Status Check ---
[15:43:50] YouTube Active:  False
[15:43:50] Battery (< 80%): True (44%)
[15:43:50] CPU Temp:        N/A
----------------------------

--- Current Status Check ---
[15:44:50] YouTube Active:  False
[15:44:50] Battery (< 80%): True (43%)
[15:44:50] CPU Temp:        N/A
----------------------------

--- Current Status Check ---
[15:45:51] YouTube Active:  False
[15:45:51] Battery (< 80%): True (43%)
[15:45:51] CPU Temp:        N/A
----------------------------

--- Current Status Check ---
[15:46:51] YouTube Active:  False
[15:46:51] Battery (< 80%): True (43%)
[15:46:51] CPU Temp:        N/A
----------------------------

--- Current Status Check ---
[15:47:52] YouTube Active:  False
[15:47:52] Battery (< 80%): True (43%)
[15:47:52] CPU Temp:        N/A
----------------------------

--- Current Status Check ---
[15:48:53] YouTube Active:  False
[15:48:53] Battery (< 80%): True (43%)
[15:48:53] CPU Temp:        N/A
----------------------------

--- Current Status Check ---
[15:49:53] YouTube Active:  False
[15:49:53] Battery (< 80%): True (43%)
[15:49:53] CPU Temp:        N/A
----------------------------

--- Current Status Check ---
[15:50:54] YouTube Active:  False
[15:50:54] Battery (< 80%): True (42%)
[15:50:54] CPU Temp:        N/A
----------------------------

--- Current Status Check ---
[15:51:55] YouTube Active:  False
[15:51:55] Battery (< 80%): True (42%)
[15:51:55] CPU Temp:        N/A
----------------------------

--- Current Status Check ---
[15:52:55] YouTube Active:  False
[15:52:55] Battery (< 80%): True (41%)
[15:52:55] CPU Temp:        N/A
----------------------------

--- Current Status Check ---
[15:53:56] YouTube Active:  False
[15:53:56] Battery (< 80%): True (41%)
[15:53:56] CPU Temp:        N/A
----------------------------

--- Current Status Check ---
[15:54:56] YouTube Active:  False
[15:54:56] Battery (< 80%): True (41%)
[15:54:56] CPU Temp:        N/A
----------------------------

--- Current Status Check ---
[15:55:57] YouTube Active:  False
[15:55:57] Battery (< 80%): True (41%)
[15:55:57] CPU Temp:        N/A
----------------------------

--- Current Status Check ---
[15:56:57] YouTube Active:  False
[15:56:57] Battery (< 80%): True (40%)
[15:56:57] CPU Temp:        N/A
----------------------------

--- Current Status Check ---
[15:57:58] YouTube Active:  False
[15:57:58] Battery (< 80%): True (40%)
[15:57:58] CPU Temp:        N/A
----------------------------

--- Current Status Check ---
[15:58:58] YouTube Active:  False
[15:58:58] Battery (< 80%): True (40%)
[15:58:58] CPU Temp:        N/A
----------------------------

--- Current Status Check ---
[15:59:59] YouTube Active:  False
[15:59:59] Battery (< 80%): True (40%)
[15:59:59] CPU Temp:        N/A
----------------------------

--- Current Status Check ---
[16:00:59] YouTube Active:  False
[16:00:59] Battery (< 80%): True (39%)
[16:00:59] CPU Temp:        N/A
----------------------------

--- Current Status Check ---
[16:02:00] YouTube Active:  False
[16:02:00] Battery (< 80%): True (39%)
[16:02:00] CPU Temp:        N/A
----------------------------

--- Current Status Check ---
[16:03:00] YouTube Active:  False
[16:03:00] Battery (< 80%): True (39%)
[16:03:00] CPU Temp:        N/A
----------------------------

--- Current Status Check ---
[16:04:01] YouTube Active:  False
[16:04:01] Battery (< 80%): True (39%)
[16:04:01] CPU Temp:        N/A
----------------------------

--- Current Status Check ---
[16:05:01] YouTube Active:  False
[16:05:01] Battery (< 80%): True (39%)
[16:05:01] CPU Temp:        N/A
----------------------------

--- Current Status Check ---
[16:06:02] YouTube Active:  False
[16:06:02] Battery (< 80%): True (38%)
[16:06:02] CPU Temp:        N/A
----------------------------

--- Current Status Check ---
[16:07:03] YouTube Active:  False
[16:07:03] Battery (< 80%): True (38%)
[16:07:03] CPU Temp:        N/A
----------------------------

--- Current Status Check ---
[16:08:03] YouTube Active:  False
[16:08:03] Battery (< 80%): True (38%)
[16:08:03] CPU Temp:        N/A
----------------------------

--- Current Status Check ---
[16:09:04] YouTube Active:  False
[16:09:04] Battery (< 80%): True (38%)
[16:09:04] CPU Temp:        N/A
----------------------------

--- Current Status Check ---
[16:10:04] YouTube Active:  False
[16:10:04] Battery (< 80%): True (37%)
[16:10:04] CPU Temp:        N/A
----------------------------

--- Current Status Check ---
[16:11:05] YouTube Active:  False
[16:11:05] Battery (< 80%): True (37%)
[16:11:05] CPU Temp:        N/A
----------------------------

--- Current Status Check ---
[16:12:05] YouTube Active:  False
[16:12:05] Battery (< 80%): True (37%)
[16:12:05] CPU Temp:        N/A
----------------------------

--- Current Status Check ---
[16:13:06] YouTube Active:  False
[16:13:06] Battery (< 80%): True (37%)
[16:13:06] CPU Temp:        N/A
----------------------------

--- Current Status Check ---
[16:14:06] YouTube Active:  False
[16:14:06] Battery (< 80%): True (36%)
[16:14:06] CPU Temp:        N/A
----------------------------

--- Current Status Check ---
[16:15:07] YouTube Active:  False
[16:15:07] Battery (< 80%): True (36%)
[16:15:07] CPU Temp:        N/A
----------------------------

--- Current Status Check ---
[16:16:07] YouTube Active:  False
[16:16:07] Battery (< 80%): True (36%)
[16:16:07] CPU Temp:        N/A
----------------------------

--- Current Status Check ---
[16:17:08] YouTube Active:  False
[16:17:08] Battery (< 80%): True (36%)
[16:17:08] CPU Temp:        N/A
----------------------------

--- Current Status Check ---
[16:18:08] YouTube Active:  False
[16:18:08] Battery (< 80%): True (35%)
[16:18:08] CPU Temp:        N/A
----------------------------

--- Current Status Check ---
[16:19:09] YouTube Active:  False
[16:19:09] Battery (< 80%): True (35%)
[16:19:09] CPU Temp:        N/A
----------------------------

--- Current Status Check ---
[16:20:10] YouTube Active:  False
[16:20:10] Battery (< 80%): True (35%)
[16:20:10] CPU Temp:        N/A
----------------------------

--- Current Status Check ---
[16:21:10] YouTube Active:  False
[16:21:10] Battery (< 80%): True (35%)
[16:21:10] CPU Temp:        N/A
----------------------------

--- Current Status Check ---
[16:22:11] YouTube Active:  False
[16:22:11] Battery (< 80%): True (34%)
[16:22:11] CPU Temp:        N/A
----------------------------

--- Current Status Check ---
[16:23:11] YouTube Active:  False
[16:23:11] Battery (< 80%): True (34%)
[16:23:11] CPU Temp:        N/A
----------------------------

--- Current Status Check ---
[16:24:12] YouTube Active:  False
[16:24:12] Battery (< 80%): True (34%)
[16:24:12] CPU Temp:        N/A
----------------------------

--- Current Status Check ---
[16:25:12] YouTube Active:  False
[16:25:12] Battery (< 80%): True (34%)
[16:25:12] CPU Temp:        N/A
----------------------------

--- Current Status Check ---
[16:26:13] YouTube Active:  False
[16:26:13] Battery (< 80%): True (34%)
[16:26:13] CPU Temp:        N/A
----------------------------

--- Current Status Check ---
[16:27:13] YouTube Active:  False
[16:27:13] Battery (< 80%): True (34%)
[16:27:13] CPU Temp:        N/A
----------------------------

--- Current Status Check ---
[16:28:14] YouTube Active:  False
[16:28:14] Battery (< 80%): True (33%)
[16:28:14] CPU Temp:        N/A
----------------------------

--- Current Status Check ---
[16:29:15] YouTube Active:  False
[16:29:15] Battery (< 80%): True (33%)
[16:29:15] CPU Temp:        N/A
----------------------------

--- Current Status Check ---
[16:30:15] YouTube Active:  False
[16:30:15] Battery (< 80%): True (33%)
[16:30:15] CPU Temp:        N/A
----------------------------

--- Current Status Check ---
[16:31:16] YouTube Active:  False
[16:31:16] Battery (< 80%): True (33%)
[16:31:16] CPU Temp:        N/A
----------------------------

--- Current Status Check ---
[16:32:16] YouTube Active:  False
[16:32:16] Battery (< 80%): True (33%)
[16:32:16] CPU Temp:        N/A
----------------------------

--- Current Status Check ---
[16:33:17] YouTube Active:  False
[16:33:17] Battery (< 80%): True (33%)
[16:33:17] CPU Temp:        N/A
----------------------------

--- Current Status Check ---
[16:34:17] YouTube Active:  False
[16:34:17] Battery (< 80%): True (32%)
[16:34:17] CPU Temp:        N/A
----------------------------

--- Current Status Check ---
[16:35:18] YouTube Active:  False
[16:35:18] Battery (< 80%): True (32%)
[16:35:18] CPU Temp:        N/A
----------------------------

--- Current Status Check ---
[16:36:18] YouTube Active:  False
[16:36:18] Battery (< 80%): True (32%)
[16:36:18] CPU Temp:        N/A
----------------------------

--- Current Status Check ---
[16:37:19] YouTube Active:  False
[16:37:19] Battery (< 80%): True (32%)
[16:37:19] CPU Temp:        N/A
----------------------------

--- Current Status Check ---
[16:38:19] YouTube Active:  False
[16:38:19] Battery (< 80%): True (31%)
[16:38:19] CPU Temp:        N/A
----------------------------

--- Current Status Check ---
[16:39:20] YouTube Active:  False
[16:39:20] Battery (< 80%): True (31%)
[16:39:20] CPU Temp:        N/A
----------------------------

--- Current Status Check ---
[16:40:21] YouTube Active:  False
[16:40:21] Battery (< 80%): True (31%)
[16:40:21] CPU Temp:        N/A
----------------------------

--- Current Status Check ---
[16:41:21] YouTube Active:  False
[16:41:21] Battery (< 80%): True (30%)
[16:41:21] CPU Temp:        N/A
----------------------------

--- Current Status Check ---
[16:42:22] YouTube Active:  False
[16:42:22] Battery (< 80%): True (30%)
[16:42:22] CPU Temp:        N/A
----------------------------

--- Current Status Check ---
[16:43:22] YouTube Active:  False
[16:43:22] Battery (< 80%): True (32%)
[16:43:22] CPU Temp:        N/A
----------------------------

--- Current Status Check ---
[16:44:23] YouTube Active:  False
[16:44:23] Battery (< 80%): True (33%)
[16:44:23] CPU Temp:        N/A
----------------------------

--- Current Status Check ---
[16:45:23] YouTube Active:  False
[16:45:23] Battery (< 80%): True (36%)
[16:45:23] CPU Temp:        N/A
----------------------------

--- Current Status Check ---
[16:46:24] YouTube Active:  False
[16:46:24] Battery (< 80%): True (37%)
[16:46:24] CPU Temp:        N/A
----------------------------

--- Current Status Check ---
[16:47:25] YouTube Active:  False
[16:47:25] Battery (< 80%): True (39%)
[16:47:25] CPU Temp:        N/A
----------------------------

--- Current Status Check ---
[16:48:25] YouTube Active:  False
[16:48:25] Battery (< 80%): True (40%)
[16:48:25] CPU Temp:        N/A
----------------------------

--- Current Status Check ---
[16:49:26] YouTube Active:  False
[16:49:26] Battery (< 80%): True (42%)
[16:49:26] CPU Temp:        N/A
----------------------------

--- Current Status Check ---
[16:50:26] YouTube Active:  False
[16:50:26] Battery (< 80%): True (43%)
[16:50:26] CPU Temp:        N/A
----------------------------

--- Current Status Check ---
[16:51:27] YouTube Active:  False
[16:51:27] Battery (< 80%): True (45%)
[16:51:27] CPU Temp:        N/A
----------------------------

--- Current Status Check ---
[16:52:27] YouTube Active:  False
[16:52:27] Battery (< 80%): True (47%)
[16:52:27] CPU Temp:        N/A
----------------------------

--- Current Status Check ---
[16:53:28] YouTube Active:  False
[16:53:28] Battery (< 80%): True (49%)
[16:53:28] CPU Temp:        N/A
----------------------------

--- Current Status Check ---
[16:54:28] YouTube Active:  False
[16:54:28] Battery (< 80%): True (49%)
[16:54:28] CPU Temp:        N/A
----------------------------

--- Current Status Check ---
[16:55:29] YouTube Active:  False
[16:55:29] Battery (< 80%): True (50%)
[16:55:29] CPU Temp:        N/A
----------------------------

--- Current Status Check ---
[16:56:29] YouTube Active:  False
[16:56:29] Battery (< 80%): True (52%)
[16:56:29] CPU Temp:        N/A
----------------------------

--- Current Status Check ---
[16:57:30] YouTube Active:  False
[16:57:30] Battery (< 80%): True (53%)
[16:57:30] CPU Temp:        N/A
----------------------------

--- Current Status Check ---
[16:58:30] YouTube Active:  False
[16:58:30] Battery (< 80%): True (54%)
[16:58:30] CPU Temp:        N/A
----------------------------

--- Current Status Check ---
[16:59:31] YouTube Active:  False
[16:59:31] Battery (< 80%): True (55%)
[16:59:31] CPU Temp:        N/A
----------------------------

--- Current Status Check ---
[17:00:32] YouTube Active:  False
[17:00:32] Battery (< 80%): True (56%)
[17:00:32] CPU Temp:        N/A
----------------------------

--- Current Status Check ---
[17:01:32] YouTube Active:  False
[17:01:32] Battery (< 80%): True (57%)
[17:01:32] CPU Temp:        N/A
----------------------------

--- Current Status Check ---
[17:02:33] YouTube Active:  False
[17:02:33] Battery (< 80%): True (58%)
[17:02:33] CPU Temp:        N/A
----------------------------

--- Current Status Check ---
[17:03:33] YouTube Active:  False
[17:03:33] Battery (< 80%): True (60%)
[17:03:33] CPU Temp:        N/A
----------------------------

--- Current Status Check ---
[17:04:34] YouTube Active:  False
[17:04:34] Battery (< 80%): True (61%)
[17:04:34] CPU Temp:        N/A
----------------------------

--- Current Status Check ---
[17:05:34] YouTube Active:  False
[17:05:34] Battery (< 80%): True (62%)
[17:05:34] CPU Temp:        N/A
----------------------------

--- Current Status Check ---
[17:06:35] YouTube Active:  False
[17:06:35] Battery (< 80%): True (63%)
[17:06:35] CPU Temp:        N/A
----------------------------

--- Current Status Check ---
[17:07:35] YouTube Active:  False
[17:07:35] Battery (< 80%): True (64%)
[17:07:35] CPU Temp:        N/A
----------------------------

--- Current Status Check ---
[17:08:36] YouTube Active:  False
[17:08:36] Battery (< 80%): True (65%)
[17:08:36] CPU Temp:        N/A
----------------------------

--- Current Status Check ---
[17:09:36] YouTube Active:  False
[17:09:36] Battery (< 80%): True (66%)
[17:09:36] CPU Temp:        N/A
----------------------------

--- Current Status Check ---
[17:10:37] YouTube Active:  False
[17:10:37] Battery (< 80%): True (67%)
[17:10:37] CPU Temp:        N/A
----------------------------

--- Current Status Check ---
[17:11:37] YouTube Active:  False
[17:11:37] Battery (< 80%): True (68%)
[17:11:37] CPU Temp:        N/A
----------------------------

--- Current Status Check ---
[17:12:37] YouTube Active:  False
[17:12:37] Battery (< 80%): True (69%)
[17:12:37] CPU Temp:        N/A
----------------------------

--- Current Status Check ---
[17:13:38] YouTube Active:  False
[17:13:38] Battery (< 80%): True (70%)
[17:13:38] CPU Temp:        N/A
----------------------------

--- Current Status Check ---
[17:14:38] YouTube Active:  False
[17:14:38] Battery (< 80%): True (71%)
[17:14:38] CPU Temp:        N/A
----------------------------

--- Current Status Check ---
[17:15:39] YouTube Active:  False
[17:15:39] Battery (< 80%): True (72%)
[17:15:39] CPU Temp:        N/A
----------------------------

--- Current Status Check ---
[17:16:39] YouTube Active:  False
[17:16:39] Battery (< 80%): True (73%)
[17:16:39] CPU Temp:        N/A
----------------------------

--- Current Status Check ---
[17:17:39] YouTube Active:  False
[17:17:39] Battery (< 80%): True (75%)
[17:17:39] CPU Temp:        N/A
----------------------------

--- Current Status Check ---
[17:18:40] YouTube Active:  False
[17:18:40] Battery (< 80%): True (76%)
[17:18:40] CPU Temp:        N/A
----------------------------

--- Current Status Check ---
[17:19:40] YouTube Active:  False
[17:19:40] Battery (< 80%): True (77%)
[17:19:40] CPU Temp:        N/A
----------------------------

--- Current Status Check ---
[17:20:41] YouTube Active:  False
[17:20:41] Battery (< 80%): True (78%)
[17:20:41] CPU Temp:        N/A
----------------------------

--- Current Status Check ---
[17:21:41] YouTube Active:  False
[17:21:41] Battery (< 80%): True (79%)
[17:21:41] CPU Temp:        N/A
----------------------------

--- Current Status Check ---
[17:22:42] YouTube Active:  False
[17:22:42] Battery (< 80%): False (80%)
[17:22:42] CPU Temp:        N/A
----------------------------

--- Current Status Check ---
[17:23:42] YouTube Active:  False
[17:23:42] Battery (< 80%): False (81%)
[17:23:42] CPU Temp:        N/A
----------------------------

--- Current Status Check ---
[17:24:42] YouTube Active:  False
[17:24:42] Battery (< 80%): False (82%)
[17:24:42] CPU Temp:        N/A
----------------------------

--- Current Status Check ---
[17:25:43] YouTube Active:  False
[17:25:43] Battery (< 80%): False (83%)
[17:25:43] CPU Temp:        N/A
----------------------------

--- Current Status Check ---
[17:26:43] YouTube Active:  False
[17:26:43] Battery (< 80%): False (84%)
[17:26:43] CPU Temp:        N/A
----------------------------

--- Current Status Check ---
[17:27:43] YouTube Active:  False
[17:27:43] Battery (< 80%): False (85%)
[17:27:43] CPU Temp:        N/A
----------------------------

--- Current Status Check ---
[17:28:44] YouTube Active:  False
[17:28:44] Battery (< 80%): False (85%)
[17:28:44] CPU Temp:        N/A
----------------------------

--- Current Status Check ---
[17:29:44] YouTube Active:  False
[17:29:44] Battery (< 80%): False (86%)
[17:29:44] CPU Temp:        N/A
----------------------------

--- Current Status Check ---
[17:30:45] YouTube Active:  False
[17:30:45] Battery (< 80%): False (87%)
[17:30:45] CPU Temp:        N/A
----------------------------

--- Current Status Check ---
[17:31:45] YouTube Active:  False
[17:31:45] Battery (< 80%): False (88%)
[17:31:45] CPU Temp:        N/A
----------------------------

--- Current Status Check ---
[17:32:46] YouTube Active:  False
[17:32:46] Battery (< 80%): False (87%)
[17:32:46] CPU Temp:        N/A
----------------------------

--- Current Status Check ---
[17:33:46] YouTube Active:  False
[17:33:46] Battery (< 80%): False (87%)
[17:33:46] CPU Temp:        N/A
----------------------------

--- Current Status Check ---
[17:34:47] YouTube Active:  False
[17:34:47] Battery (< 80%): False (87%)
[17:34:47] CPU Temp:        N/A
----------------------------

--- Current Status Check ---
[17:35:47] YouTube Active:  False
[17:35:47] Battery (< 80%): False (87%)
[17:35:47] CPU Temp:        N/A
----------------------------

--- Current Status Check ---
[17:36:48] YouTube Active:  False
[17:36:48] Battery (< 80%): False (87%)
[17:36:48] CPU Temp:        N/A
----------------------------

--- Current Status Check ---
[17:44:05] YouTube Active:  False
[17:44:05] Battery (< 80%): False (86%)
[17:44:05] CPU Temp:        N/A
----------------------------

--- Current Status Check ---
[18:52:28] YouTube Active:  False
[18:52:28] Battery (< 80%): False (85%)
[18:52:28] CPU Temp:        N/A
----------------------------

--- Current Status Check ---
[18:53:29] YouTube Active:  False
[18:53:29] Battery (< 80%): False (85%)
[18:53:29] CPU Temp:        N/A
----------------------------

--- Current Status Check ---
[18:54:29] YouTube Active:  False
[18:54:29] Battery (< 80%): False (85%)
[18:54:29] CPU Temp:        N/A
----------------------------

--- Current Status Check ---
[18:55:30] YouTube Active:  False
[18:55:30] Battery (< 80%): False (85%)
[18:55:30] CPU Temp:        N/A
----------------------------

--- Current Status Check ---
[18:56:30] YouTube Active:  False
[18:56:30] Battery (< 80%): False (85%)
[18:56:30] CPU Temp:        N/A
----------------------------

--- Current Status Check ---
[18:57:31] YouTube Active:  False
[18:57:31] Battery (< 80%): False (85%)
[18:57:31] CPU Temp:        N/A
----------------------------

--- Current Status Check ---
[18:58:31] YouTube Active:  False
[18:58:31] Battery (< 80%): False (84%)
[18:58:31] CPU Temp:        N/A
----------------------------

--- Current Status Check ---
[18:59:32] YouTube Active:  False
[18:59:32] Battery (< 80%): False (84%)
[18:59:32] CPU Temp:        N/A
----------------------------

--- Current Status Check ---
[19:00:32] YouTube Active:  False
[19:00:32] Battery (< 80%): False (84%)
[19:00:32] CPU Temp:        N/A
----------------------------

--- Current Status Check ---
[19:01:33] YouTube Active:  False
[19:01:33] Battery (< 80%): False (84%)
[19:01:33] CPU Temp:        N/A
----------------------------

--- Current Status Check ---
[19:02:34] YouTube Active:  False
[19:02:34] Battery (< 80%): False (83%)
[19:02:34] CPU Temp:        N/A
----------------------------

--- Current Status Check ---
[19:03:34] YouTube Active:  False
[19:03:34] Battery (< 80%): False (83%)
[19:03:34] CPU Temp:        N/A
----------------------------

--- Current Status Check ---
[19:04:35] YouTube Active:  False
[19:04:35] Battery (< 80%): False (83%)
[19:04:35] CPU Temp:        N/A
----------------------------

--- Current Status Check ---
[19:05:35] YouTube Active:  False
[19:05:35] Battery (< 80%): False (83%)
[19:05:35] CPU Temp:        N/A
----------------------------

--- Current Status Check ---
[19:06:36] YouTube Active:  False
[19:06:36] Battery (< 80%): False (83%)
[19:06:36] CPU Temp:        N/A
----------------------------

--- Current Status Check ---
[19:07:36] YouTube Active:  False
[19:07:36] Battery (< 80%): False (82%)
[19:07:36] CPU Temp:        N/A
----------------------------

--- Current Status Check ---
[19:08:37] YouTube Active:  False
[19:08:37] Battery (< 80%): False (82%)
[19:08:37] CPU Temp:        N/A
----------------------------

--- Current Status Check ---
[19:09:37] YouTube Active:  False
[19:09:37] Battery (< 80%): False (82%)
[19:09:37] CPU Temp:        N/A
----------------------------

--- Current Status Check ---
[19:10:38] YouTube Active:  False
[19:10:38] Battery (< 80%): False (81%)
[19:10:38] CPU Temp:        N/A
----------------------------

--- Current Status Check ---
[19:11:38] YouTube Active:  False
[19:11:38] Battery (< 80%): False (81%)
[19:11:38] CPU Temp:        N/A
----------------------------

--- Current Status Check ---
[19:12:39] YouTube Active:  False
[19:12:39] Battery (< 80%): False (81%)
[19:12:39] CPU Temp:        N/A
----------------------------

--- Current Status Check ---
[19:13:39] YouTube Active:  False
[19:13:39] Battery (< 80%): False (81%)
[19:13:39] CPU Temp:        N/A
----------------------------

--- Current Status Check ---
[19:14:40] YouTube Active:  False
[19:14:40] Battery (< 80%): False (80%)
[19:14:40] CPU Temp:        N/A
----------------------------

--- Current Status Check ---
[19:15:41] YouTube Active:  False
[19:15:41] Battery (< 80%): False (80%)
[19:15:41] CPU Temp:        N/A
----------------------------

--- Current Status Check ---
[19:16:41] YouTube Active:  False
[19:16:41] Battery (< 80%): False (80%)
[19:16:41] CPU Temp:        N/A
----------------------------

--- Current Status Check ---
[19:17:42] YouTube Active:  False
[19:17:42] Battery (< 80%): True (79%)
[19:17:42] CPU Temp:        N/A
----------------------------

--- Current Status Check ---
[19:18:42] YouTube Active:  False
[19:18:42] Battery (< 80%): True (79%)
[19:18:42] CPU Temp:        N/A
----------------------------

--- Current Status Check ---
[19:19:43] YouTube Active:  False
[19:19:43] Battery (< 80%): True (79%)
[19:19:43] CPU Temp:        N/A
----------------------------

--- Current Status Check ---
[19:20:44] YouTube Active:  False
[19:20:44] Battery (< 80%): True (79%)
[19:20:44] CPU Temp:        N/A
----------------------------

--- Current Status Check ---
[19:21:44] YouTube Active:  False
[19:21:44] Battery (< 80%): True (78%)
[19:21:44] CPU Temp:        N/A
----------------------------

--- Current Status Check ---
[19:22:45] YouTube Active:  False
[19:22:45] Battery (< 80%): True (78%)
[19:22:45] CPU Temp:        N/A
----------------------------

--- Current Status Check ---
[19:23:45] YouTube Active:  False
[19:23:45] Battery (< 80%): True (78%)
[19:23:45] CPU Temp:        N/A
----------------------------

--- Current Status Check ---
[19:24:46] YouTube Active:  False
[19:24:46] Battery (< 80%): True (78%)
[19:24:46] CPU Temp:        N/A
----------------------------

--- Current Status Check ---
[19:25:46] YouTube Active:  False
[19:25:46] Battery (< 80%): True (78%)
[19:25:46] CPU Temp:        N/A
----------------------------

--- Current Status Check ---
[19:26:47] YouTube Active:  False
[19:26:47] Battery (< 80%): True (78%)
[19:26:47] CPU Temp:        N/A
----------------------------

--- Current Status Check ---
[19:27:48] YouTube Active:  False
[19:27:48] Battery (< 80%): True (78%)
[19:27:48] CPU Temp:        N/A
----------------------------

--- Current Status Check ---
[19:28:48] YouTube Active:  False
[19:28:48] Battery (< 80%): True (77%)
[19:28:48] CPU Temp:        N/A
----------------------------

--- Current Status Check ---
[19:29:49] YouTube Active:  False
[19:29:49] Battery (< 80%): True (77%)
[19:29:49] CPU Temp:        N/A
----------------------------

--- Current Status Check ---
[19:30:49] YouTube Active:  False
[19:30:49] Battery (< 80%): True (77%)
[19:30:49] CPU Temp:        N/A
----------------------------

--- Current Status Check ---
[19:31:50] YouTube Active:  False
[19:31:50] Battery (< 80%): True (76%)
[19:31:50] CPU Temp:        N/A
----------------------------

--- Current Status Check ---
[19:32:50] YouTube Active:  False
[19:32:50] Battery (< 80%): True (76%)
[19:32:50] CPU Temp:        N/A
----------------------------

--- Current Status Check ---
[19:33:51] YouTube Active:  False
[19:33:51] Battery (< 80%): True (76%)
[19:33:51] CPU Temp:        N/A
----------------------------

--- Current Status Check ---
[19:34:51] YouTube Active:  False
[19:34:51] Battery (< 80%): True (76%)
[19:34:51] CPU Temp:        N/A
----------------------------

--- Current Status Check ---
[19:35:52] YouTube Active:  False
[19:35:52] Battery (< 80%): True (76%)
[19:35:52] CPU Temp:        N/A
----------------------------

--- Current Status Check ---
[19:36:52] YouTube Active:  False
[19:36:52] Battery (< 80%): True (76%)
[19:36:52] CPU Temp:        N/A
----------------------------

--- Current Status Check ---
[19:37:53] YouTube Active:  False
[19:37:53] Battery (< 80%): True (76%)
[19:37:53] CPU Temp:        N/A
----------------------------

--- Current Status Check ---
[19:38:53] YouTube Active:  False
[19:38:53] Battery (< 80%): True (75%)
[19:38:53] CPU Temp:        N/A
----------------------------

--- Current Status Check ---
[19:39:54] YouTube Active:  False
[19:39:54] Battery (< 80%): True (75%)
[19:39:54] CPU Temp:        N/A
----------------------------

--- Current Status Check ---
[19:40:54] YouTube Active:  False
[19:40:54] Battery (< 80%): True (75%)
[19:40:54] CPU Temp:        N/A
----------------------------

--- Current Status Check ---
[19:41:55] YouTube Active:  False
[19:41:55] Battery (< 80%): True (75%)
[19:41:55] CPU Temp:        N/A
----------------------------

--- Current Status Check ---
[19:42:55] YouTube Active:  False
[19:42:55] Battery (< 80%): True (75%)
[19:42:55] CPU Temp:        N/A
----------------------------

--- Current Status Check ---
[19:43:56] YouTube Active:  False
[19:43:56] Battery (< 80%): True (74%)
[19:43:56] CPU Temp:        N/A
----------------------------

--- Current Status Check ---
[19:44:56] YouTube Active:  False
[19:44:56] Battery (< 80%): True (74%)
[19:44:56] CPU Temp:        N/A
----------------------------

--- Current Status Check ---
[19:45:57] YouTube Active:  False
[19:45:57] Battery (< 80%): True (74%)
[19:45:57] CPU Temp:        N/A
----------------------------

--- Current Status Check ---
[19:46:57] YouTube Active:  False
[19:46:57] Battery (< 80%): True (74%)
[19:46:57] CPU Temp:        N/A
----------------------------

--- Current Status Check ---
[19:47:58] YouTube Active:  False
[19:47:58] Battery (< 80%): True (74%)
[19:47:58] CPU Temp:        N/A
----------------------------

--- Current Status Check ---
[19:48:58] YouTube Active:  False
[19:48:58] Battery (< 80%): True (73%)
[19:48:58] CPU Temp:        N/A
----------------------------

--- Current Status Check ---
[19:49:59] YouTube Active:  False
[19:49:59] Battery (< 80%): True (73%)
[19:49:59] CPU Temp:        N/A
----------------------------

--- Current Status Check ---
[19:50:59] YouTube Active:  False
[19:50:59] Battery (< 80%): True (73%)
[19:50:59] CPU Temp:        N/A
----------------------------

--- Current Status Check ---
[19:52:00] YouTube Active:  False
[19:52:00] Battery (< 80%): True (72%)
[19:52:00] CPU Temp:        N/A
----------------------------

--- Current Status Check ---
[19:53:00] YouTube Active:  False
[19:53:00] Battery (< 80%): True (72%)
[19:53:00] CPU Temp:        N/A
----------------------------

--- Current Status Check ---
[19:54:01] YouTube Active:  False
[19:54:01] Battery (< 80%): True (72%)
[19:54:01] CPU Temp:        N/A
----------------------------

--- Current Status Check ---
[19:55:01] YouTube Active:  False
[19:55:01] Battery (< 80%): True (72%)
[19:55:01] CPU Temp:        N/A
----------------------------

--- Current Status Check ---
[19:56:02] YouTube Active:  False
[19:56:02] Battery (< 80%): True (71%)
[19:56:02] CPU Temp:        N/A
----------------------------

--- Current Status Check ---
[19:57:02] YouTube Active:  False
[19:57:02] Battery (< 80%): True (71%)
[19:57:02] CPU Temp:        N/A
----------------------------

--- Current Status Check ---
[21:26:03] YouTube Active:  False
[21:26:03] Battery (< 80%): True (70%)
[21:26:03] CPU Temp:        N/A
----------------------------

--- Current Status Check ---
[21:27:04] YouTube Active:  False
[21:27:04] Battery (< 80%): True (70%)
[21:27:04] CPU Temp:        N/A
----------------------------

--- Current Status Check ---
[21:28:05] YouTube Active:  False
[21:28:05] Battery (< 80%): True (69%)
[21:28:05] CPU Temp:        N/A
----------------------------

--- Current Status Check ---
[21:29:05] YouTube Active:  False
[21:29:05] Battery (< 80%): True (69%)
[21:29:05] CPU Temp:        N/A
----------------------------

--- Current Status Check ---
[21:30:06] YouTube Active:  False
[21:30:06] Battery (< 80%): True (68%)
[21:30:06] CPU Temp:        N/A
----------------------------

--- Current Status Check ---
[21:31:06] YouTube Active:  False
[21:31:06] Battery (< 80%): True (68%)
[21:31:06] CPU Temp:        N/A
----------------------------

--- Current Status Check ---
[21:32:07] YouTube Active:  False
[21:32:07] Battery (< 80%): True (68%)
[21:32:07] CPU Temp:        N/A
----------------------------

--- Current Status Check ---
[21:33:07] YouTube Active:  False
[21:33:07] Battery (< 80%): True (67%)
[21:33:07] CPU Temp:        N/A
----------------------------

--- Current Status Check ---
[21:34:08] YouTube Active:  False
[21:34:08] Battery (< 80%): True (67%)
[21:34:08] CPU Temp:        N/A
----------------------------

--- Current Status Check ---
[21:35:09] YouTube Active:  False
[21:35:09] Battery (< 80%): True (66%)
[21:35:09] CPU Temp:        N/A
----------------------------

--- Current Status Check ---
[21:36:09] YouTube Active:  False
[21:36:09] Battery (< 80%): True (66%)
[21:36:09] CPU Temp:        N/A
----------------------------

--- Current Status Check ---
[21:37:10] YouTube Active:  False
[21:37:10] Battery (< 80%): True (66%)
[21:37:10] CPU Temp:        N/A
----------------------------
