--- New Log Started: 02/10/2026 00:39:17 ---
[00:39:17] MONITORING STARTED: Targeting [Hibernate].

--- Current Status Check ---
[00:39:17] YouTube Active:  False
[00:39:17] Battery (< 80%): False (100%)
[00:39:17] CPU Temp:        N/A
----------------------------

--- Current Status Check ---
[00:40:17] YouTube Active:  True
[00:40:17] Battery (< 80%): False (100%)
[00:40:17] CPU Temp:        N/A
----------------------------

--- Current Status Check ---
[00:41:18] YouTube Active:  True
[00:41:18] Battery (< 80%): False (100%)
[00:41:18] CPU Temp:        N/A
----------------------------

--- Current Status Check ---
[00:42:19] YouTube Active:  True
[00:42:19] Battery (< 80%): False (100%)
[00:42:19] CPU Temp:        N/A
----------------------------

--- Current Status Check ---
[00:43:19] YouTube Active:  True
[00:43:19] Battery (< 80%): False (100%)
[00:43:19] CPU Temp:        N/A
----------------------------

--- Current Status Check ---
[00:44:20] YouTube Active:  True
[00:44:20] Battery (< 80%): False (100%)
[00:44:20] CPU Temp:        N/A
----------------------------

--- Current Status Check ---
[00:45:20] YouTube Active:  True
[00:45:20] Battery (< 80%): False (100%)
[00:45:20] CPU Temp:        N/A
----------------------------

--- Current Status Check ---
[00:46:21] YouTube Active:  True
[00:46:21] Battery (< 80%): False (99%)
[00:46:21] CPU Temp:        N/A
----------------------------

--- Current Status Check ---
[00:47:22] YouTube Active:  True
[00:47:22] Battery (< 80%): False (99%)
[00:47:22] CPU Temp:        N/A
----------------------------

--- Current Status Check ---
[00:48:22] YouTube Active:  True
[00:48:22] Battery (< 80%): False (99%)
[00:48:22] CPU Temp:        N/A
----------------------------

--- Current Status Check ---
[00:49:23] YouTube Active:  True
[00:49:23] Battery (< 80%): False (99%)
[00:49:23] CPU Temp:        N/A
----------------------------

--- Current Status Check ---
[00:50:23] YouTube Active:  True
[00:50:23] Battery (< 80%): False (98%)
[00:50:23] CPU Temp:        N/A
----------------------------

--- Current Status Check ---
[00:51:24] YouTube Active:  True
[00:51:24] Battery (< 80%): False (98%)
[00:51:24] CPU Temp:        N/A
----------------------------

--- Current Status Check ---
[00:52:25] YouTube Active:  True
[00:52:25] Battery (< 80%): False (98%)
[00:52:25] CPU Temp:        N/A
----------------------------

--- Current Status Check ---
[00:53:25] YouTube Active:  True
[00:53:25] Battery (< 80%): False (98%)
[00:53:25] CPU Temp:        N/A
----------------------------

--- Current Status Check ---
[00:54:26] YouTube Active:  True
[00:54:26] Battery (< 80%): False (97%)
[00:54:26] CPU Temp:        N/A
----------------------------

--- Current Status Check ---
[00:55:26] YouTube Active:  True
[00:55:26] Battery (< 80%): False (97%)
[00:55:26] CPU Temp:        N/A
----------------------------

--- Current Status Check ---
[00:56:27] YouTube Active:  True
[00:56:27] Battery (< 80%): False (97%)
[00:56:27] CPU Temp:        N/A
----------------------------

--- Current Status Check ---
[00:57:27] YouTube Active:  True
[00:57:27] Battery (< 80%): False (97%)
[00:57:27] CPU Temp:        N/A
----------------------------

--- Current Status Check ---
[00:58:28] YouTube Active:  True
[00:58:28] Battery (< 80%): False (97%)
[00:58:28] CPU Temp:        N/A
----------------------------

--- Current Status Check ---
[00:59:28] YouTube Active:  True
[00:59:28] Battery (< 80%): False (96%)
[00:59:28] CPU Temp:        N/A
----------------------------

--- Current Status Check ---
[01:00:29] YouTube Active:  True
[01:00:29] Battery (< 80%): False (96%)
[01:00:29] CPU Temp:        N/A
----------------------------

--- Current Status Check ---
[01:01:29] YouTube Active:  True
[01:01:29] Battery (< 80%): False (96%)
[01:01:29] CPU Temp:        N/A
----------------------------

--- Current Status Check ---
[01:02:30] YouTube Active:  True
[01:02:30] Battery (< 80%): False (96%)
[01:02:30] CPU Temp:        N/A
----------------------------

--- Current Status Check ---
[01:03:30] YouTube Active:  True
[01:03:30] Battery (< 80%): False (95%)
[01:03:30] CPU Temp:        N/A
----------------------------

--- Current Status Check ---
[01:04:31] YouTube Active:  True
[01:04:31] Battery (< 80%): False (95%)
[01:04:31] CPU Temp:        N/A
----------------------------

--- Current Status Check ---
[01:05:32] YouTube Active:  True
[01:05:32] Battery (< 80%): False (95%)
[01:05:32] CPU Temp:        N/A
----------------------------

--- Current Status Check ---
[01:06:32] YouTube Active:  True
[01:06:32] Battery (< 80%): False (95%)
[01:06:32] CPU Temp:        N/A
----------------------------

--- Current Status Check ---
[01:07:33] YouTube Active:  True
[01:07:33] Battery (< 80%): False (95%)
[01:07:33] CPU Temp:        N/A
----------------------------

--- Current Status Check ---
[01:08:33] YouTube Active:  True
[01:08:33] Battery (< 80%): False (95%)
[01:08:33] CPU Temp:        N/A
----------------------------

--- Current Status Check ---
[01:09:34] YouTube Active:  True
[01:09:34] Battery (< 80%): False (94%)
[01:09:34] CPU Temp:        N/A
----------------------------

--- Current Status Check ---
[01:10:34] YouTube Active:  True
[01:10:34] Battery (< 80%): False (94%)
[01:10:34] CPU Temp:        N/A
----------------------------

--- Current Status Check ---
[01:11:35] YouTube Active:  True
[01:11:35] Battery (< 80%): False (94%)
[01:11:35] CPU Temp:        N/A
----------------------------

--- Current Status Check ---
[01:12:35] YouTube Active:  True
[01:12:35] Battery (< 80%): False (94%)
[01:12:35] CPU Temp:        N/A
----------------------------

--- Current Status Check ---
[01:13:36] YouTube Active:  True
[01:13:36] Battery (< 80%): False (94%)
[01:13:36] CPU Temp:        N/A
----------------------------

--- Current Status Check ---
[01:14:36] YouTube Active:  True
[01:14:36] Battery (< 80%): False (93%)
[01:14:36] CPU Temp:        N/A
----------------------------

--- Current Status Check ---
[01:15:37] YouTube Active:  True
[01:15:37] Battery (< 80%): False (93%)
[01:15:37] CPU Temp:        N/A
----------------------------

--- Current Status Check ---
[01:16:38] YouTube Active:  True
[01:16:38] Battery (< 80%): False (93%)
[01:16:38] CPU Temp:        N/A
----------------------------

--- Current Status Check ---
[01:17:38] YouTube Active:  True
[01:17:38] Battery (< 80%): False (92%)
[01:17:38] CPU Temp:        N/A
----------------------------

--- Current Status Check ---
[01:18:39] YouTube Active:  True
[01:18:39] Battery (< 80%): False (92%)
[01:18:39] CPU Temp:        N/A
----------------------------

--- Current Status Check ---
[01:19:39] YouTube Active:  True
[01:19:39] Battery (< 80%): False (92%)
[01:19:39] CPU Temp:        N/A
----------------------------

--- Current Status Check ---
[01:20:40] YouTube Active:  True
[01:20:40] Battery (< 80%): False (92%)
[01:20:40] CPU Temp:        N/A
----------------------------

--- Current Status Check ---
[01:21:40] YouTube Active:  True
[01:21:40] Battery (< 80%): False (92%)
[01:21:40] CPU Temp:        N/A
----------------------------

--- Current Status Check ---
[01:22:41] YouTube Active:  True
[01:22:41] Battery (< 80%): False (92%)
[01:22:41] CPU Temp:        N/A
----------------------------

--- Current Status Check ---
[01:23:41] YouTube Active:  True
[01:23:41] Battery (< 80%): False (92%)
[01:23:41] CPU Temp:        N/A
----------------------------

--- Current Status Check ---
[01:24:42] YouTube Active:  True
[01:24:42] Battery (< 80%): False (91%)
[01:24:42] CPU Temp:        N/A
----------------------------

--- Current Status Check ---
[01:25:43] YouTube Active:  True
[01:25:43] Battery (< 80%): False (91%)
[01:25:43] CPU Temp:        N/A
----------------------------

--- Current Status Check ---
[01:26:43] YouTube Active:  True
[01:26:43] Battery (< 80%): False (91%)
[01:26:43] CPU Temp:        N/A
----------------------------

--- Current Status Check ---
[01:27:44] YouTube Active:  True
[01:27:44] Battery (< 80%): False (90%)
[01:27:44] CPU Temp:        N/A
----------------------------

--- Current Status Check ---
[01:28:44] YouTube Active:  True
[01:28:44] Battery (< 80%): False (90%)
[01:28:44] CPU Temp:        N/A
----------------------------

--- Current Status Check ---
[01:29:45] YouTube Active:  True
[01:29:45] Battery (< 80%): False (90%)
[01:29:45] CPU Temp:        N/A
----------------------------

--- Current Status Check ---
[01:30:45] YouTube Active:  True
[01:30:45] Battery (< 80%): False (90%)
[01:30:45] CPU Temp:        N/A
----------------------------
[01:30:45] MATCH FOUND! Executing Hibernate...
