--- New Log Started: 02/11/2026 01:49:27 ---
[01:49:27] MONITORING STARTED: Targeting [Hibernate].

--- Current Status Check ---
[01:49:27] YouTube Active:  True
[01:49:27] Battery (< 80%): False (100%)
[01:49:27] CPU Temp:        N/A
----------------------------

--- Current Status Check ---
[01:50:28] YouTube Active:  True
[01:50:28] Battery (< 80%): False (100%)
[01:50:28] CPU Temp:        N/A
----------------------------

--- Current Status Check ---
[01:51:28] YouTube Active:  True
[01:51:28] Battery (< 80%): False (100%)
[01:51:28] CPU Temp:        N/A
----------------------------

--- Current Status Check ---
[01:52:29] YouTube Active:  True
[01:52:29] Battery (< 80%): False (100%)
[01:52:29] CPU Temp:        N/A
----------------------------

--- Current Status Check ---
[01:53:29] YouTube Active:  True
[01:53:29] Battery (< 80%): False (99%)
[01:53:29] CPU Temp:        N/A
----------------------------

--- Current Status Check ---
[01:54:30] YouTube Active:  True
[01:54:30] Battery (< 80%): False (99%)
[01:54:30] CPU Temp:        N/A
----------------------------

--- Current Status Check ---
[01:55:31] YouTube Active:  True
[01:55:31] Battery (< 80%): False (99%)
[01:55:31] CPU Temp:        N/A
----------------------------

--- Current Status Check ---
[01:56:31] YouTube Active:  True
[01:56:31] Battery (< 80%): False (99%)
[01:56:31] CPU Temp:        N/A
----------------------------

--- Current Status Check ---
[01:57:32] YouTube Active:  True
[01:57:32] Battery (< 80%): False (99%)
[01:57:32] CPU Temp:        N/A
----------------------------

--- Current Status Check ---
[01:58:32] YouTube Active:  False
[01:58:32] Battery (< 80%): False (98%)
[01:58:32] CPU Temp:        N/A
----------------------------

--- Current Status Check ---
[01:59:33] YouTube Active:  False
[01:59:33] Battery (< 80%): False (98%)
[01:59:33] CPU Temp:        N/A
----------------------------

--- Current Status Check ---
[02:00:34] YouTube Active:  False
[02:00:34] Battery (< 80%): False (98%)
[02:00:34] CPU Temp:        N/A
----------------------------

--- Current Status Check ---
[02:01:34] YouTube Active:  False
[02:01:34] Battery (< 80%): False (97%)
[02:01:34] CPU Temp:        N/A
----------------------------

--- Current Status Check ---
[02:02:35] YouTube Active:  True
[02:02:35] Battery (< 80%): False (97%)
[02:02:35] CPU Temp:        N/A
----------------------------
[02:02:35] MATCH FOUND! Executing Hibernate...
